Qflow DRC logfile created on sáb 13 jul 23:04:07 CST 2019
magic -dnull -noconsole  /home/gianca/Documents/UCR/IE-0411/P1/RTL/ProyectoMicros/layout/run_drc_nibble_top.tcl

Magic 8.2 revision 112 - Compiled on jue 23 may 19:21:31 CST 2019.
Starting magic under Tcl interpreter
Using the terminal as the console.
Using NULL graphics device.
Processing system .magicrc file
Input style lambda=0.10(p): scaleFactor=10, multiplier=1
Contact size value ignored (using GDS generation rules).
Contact size value ignored (using GDS generation rules).
Contact size value ignored (using GDS generation rules).
Contact size value ignored (using GDS generation rules).
Contact size value ignored (using GDS generation rules).
Contact size value ignored (using GDS generation rules).
Loading "/home/gianca/Documents/UCR/IE-0411/P1/RTL/ProyectoMicros/layout/run_drc_nibble_top.tcl" from command line.
Reading LEF data from file /usr/local/share/qflow/tech/osu018/osu018_stdcells.lef.
This action cannot be undone.
LEF Read, Line 16: Unknown keyword "OBS" in LEF file; ignoring.
LEF Read, Line 17: Unknown keyword "PIN" in LEF file; ignoring.
LEF file:  Defines site core (ignored)
Moving label "CLK" from metal1 to m2contact in cell DFFNEGX1.
Moving label "CLK" from metal1 to m2contact in cell DFFNEGX1.
Moving label "A" from metal1 to m2contact in cell XNOR2X1.
LEF read: Processed 2941 lines.
LEF Read: encountered 2 errors total.
nibble_top: 10000 rects
Processing timestamp mismatches: FILL, AND2X2, BUFX2, CLKBUF1, INVX2, OR2X2, NAND2X1, INVX1, OAI21X1, NAND3X1, INVX4, DFFPOSX1, AOI21X1, AOI22X1, OAI22X1, NOR2X1, NOR3X1.
drc = 0
DRC checking script ended on sáb 13 jul 23:04:08 CST 2019
