Qflow placement logfile created on sáb 13 jul 19:48:21 CST 2019
Running vlog2Cel to generate input files for graywolf
vlog2Cel  -l  /usr/local/share/qflow/tech/osu018/osu018_stdcells.lef -u 100 -o /home/gianca/Documents/UCR/IE-0411/P1/RTL/ProyectoMicros/layout/nibble_top.cel /home/gianca/Documents/UCR/IE-0411/P1/RTL/ProyectoMicros/synthesis/nibble_top.rtlnopwr.v
No nibble_top.cel1 file found for project. . . no partial blockages to apply to layout.
No nibble_top.cel2 file found for project. . . continuing without pin placement hints
Running GrayWolf placement
graywolf  nibble_top

twflow version:2.1 date:Mon May 25 21:15:08 EDT 1992
Authors: Bill Swartz, Carl Sechen
         Yale University

syntax version:v1.1 date:Mon May 25 21:11:10 EDT 1992
TimberWolf System Syntax Checker
Authors: Carl Sechen, Kai-Win Lee, Bill Swartz,
         Dahe Chen, and Jimmy Lam
         Yale University

Read   50 objects so far...
Read  100 objects so far...
Read  150 objects so far...
Read  200 objects so far...
Read  250 objects so far...
Read  300 objects so far...
Read  350 objects so far...
Read  400 objects so far...
Read  450 objects so far...
Read  500 objects so far...
Read  550 objects so far...
Read  600 objects so far...
Read  650 objects so far...
Read  700 objects so far...
Read  750 objects so far...
Read  800 objects so far...
Read  850 objects so far...
Read  900 objects so far...
Read  950 objects so far...
No syntax errors were found

syntax terminated normally with no errors and 0 warning[s]


----------------------------
Total stdcells     :898
Total cell width   :2.70e+05
Total cell height  :8.98e+05
Total cell area    :2.70e+08
Total core area    :2.70e+08
Average cell height:1.00e+03


nocut - replacement for Mincut version:v1.0 date:Mon May 25 21:09:40 EDT 1992
TimberWolf System Floorplan Setup Program
Authors: Carl Sechen, Bill Swartz,
         Yale University

Read   50 objects so far...
Read  100 objects so far...
Read  150 objects so far...
Read  200 objects so far...
Read  250 objects so far...
Read  300 objects so far...
Read  350 objects so far...
Read  400 objects so far...
Read  450 objects so far...
Read  500 objects so far...
Read  550 objects so far...
Read  600 objects so far...
Read  650 objects so far...
Read  700 objects so far...
Read  750 objects so far...
Read  800 objects so far...
Read  850 objects so far...
Read  900 objects so far...
Read  950 objects so far...
Splitting nibble_top.cel into nibble_top.scel and nibble_top.mcel...
	done!


nocut - replacement for Mincut terminated normally with no errors and 0 warning[s]


TimberWolfMC version:v2.2 date:Mon May 25 21:18:34 EDT 1992
Authors: Carl Sechen, Bill Swartz, Kai-Win Lee
         Dahe Chen, and Jimmy Lam
         Yale University

config version:v1.0 date:Mon May 25 20:57:18 EDT 1992
Row configuration program
    Yale University


config switches:
	Graphics mode on
	config will inherit window



config terminated normally with no errors and 0 warning[s]

WARNING[space_pins]:overflow for cell:1 pin:pin67
WARNING[space_pins]:overflow for cell:1 pin:pin68
WARNING[space_pins]:overflow for cell:1 pin:pin69
WARNING[space_pins]:overflow for cell:1 pin:pin70
WARNING[space_pins]:overflow for cell:1 pin:pin71
WARNING[space_pins]:overflow for cell:1 pin:pin72
WARNING[space_pins]:overflow for cell:1 pin:pin73
WARNING[space_pins]:overflow for cell:1 pin:pin74
WARNING[space_pins]:overflow for cell:1 pin:pin75

TimberWolfMC terminated normally with no errors and 9 warning[s]



TimberWolfSC switches:
	Graphics mode on
	TimberWolfSC will inherit window

TimberWolfSC version:v6.0 date:Mon May 25 21:19:07 EDT 1992
Row-Based Placement and Global Routing Program
Authors: Carl Sechen, Kai-Win Lee, and Bill Swartz,
         Yale University
  0 
  1   2   3   4   5   6   7   8   9  10  11  12  13  14  15 
 16  17  18  19  20  21  22  23  24  25  26  27  28  29  30 
 31  32  33  34  35  36  37  38  39  40  41  42  43  44  45 
 46  47  48  49  50  51  52  53  54  55  56  57  58  59  60 
 61  62  63  64  65  66  67  68  69  70  71  72  73  74  75 
 76  77  78  79  80  81  82  83  84  85  86  87  88  89  90 
 91  92  93  94  95  96  97  98  99 100 101 102 103 104 105 
106 107 108 109 110 111 112 113 114 115 116 117 118 119 120 
121 122 123 124 125 126 127 128 129 130 131 132 133 134 135 
136 137 138 139 140 141 142 143 144 145 146 147 148 149 150 
151 152 153 154 155 156 157 158 
 block left edge is at -239
 the longest block length is 17360
 building the steiner trees
 rebuilding the steiner tree

----start doing coarse global routing ------ 
 ITERATION  1

  longest Row is:9   Its length is:16960
 doing feed-through pins assignment
 building the net-tree now !
 set up the global routing grids
 the starting value of tracks =  188
 tracks = 178 at attempts =  1000
 tracks = 175 at attempts =  2000
 tracks = 174 at attempts =  3000
 tracks = 174 at attempts =  4000
 tracks = 173 at attempts =  5000
 tracks = 173 at attempts =  6000
 tracks = 173 at attempts =  7000
 tracks = 173 at attempts =  8000
 tracks = 173 at attempts =  9000
 tracks = 173 at attempts = 10000
 tracks = 173 at attempts = 11000
 tracks = 173 at attempts = 12000
 tracks = 173 at attempts = 13000
 tracks = 173 at attempts = 14000
 tracks = 173 at attempts = 15000
 tracks = 173 at attempts = 16000
 tracks = 173 at attempts = 17000
 tracks = 173 at attempts = 18000
 tracks = 173 at attempts = 19000
 tracks = 173 at attempts = 20000
 tracks = 173 at attempts = 21000
 tracks = 173 at attempts = 22000
 tracks = 173 at attempts = 23000
 tracks = 173 at attempts = 24000
 removing redundant feed-through pins
 the connectivity of all the nets is verified

 block left edge is at -239
 the longest block length is 17360
 building the steiner trees
 rebuilding the steiner tree

----start doing coarse global routing ------ 
 ITERATION  1

  longest Row is:9   Its length is:16960
 doing feed-through pins assignment
 building the net-tree now !
 set up the global routing grids
 the starting value of tracks =  185
 tracks = 175 at attempts =  1000
 tracks = 172 at attempts =  2000
 tracks = 171 at attempts =  3000
 tracks = 170 at attempts =  4000
 tracks = 170 at attempts =  5000
 tracks = 170 at attempts =  6000
 tracks = 170 at attempts =  7000
 tracks = 170 at attempts =  8000
 tracks = 170 at attempts =  9000
 tracks = 170 at attempts = 10000
 tracks = 170 at attempts = 11000
 tracks = 169 at attempts = 12000
 tracks = 169 at attempts = 13000
 tracks = 169 at attempts = 14000
 tracks = 169 at attempts = 15000
 tracks = 169 at attempts = 16000
 tracks = 169 at attempts = 17000
 tracks = 169 at attempts = 18000
 tracks = 169 at attempts = 19000
 tracks = 169 at attempts = 20000
 tracks = 169 at attempts = 21000
 tracks = 169 at attempts = 22000
 tracks = 169 at attempts = 23000
 tracks = 169 at attempts = 24000
 removing redundant feed-through pins
 the connectivity of all the nets is verified

 block left edge is at -239
 the longest block length is 17360
 building the steiner trees
 rebuilding the steiner tree

----start doing coarse global routing ------ 
 ITERATION  1

  longest Row is:9   Its length is:16960
 doing feed-through pins assignment
 building the net-tree now !
 set up the global routing grids
 the starting value of tracks =  200
 tracks = 183 at attempts =  1000
 tracks = 182 at attempts =  2000
 tracks = 179 at attempts =  3000
 tracks = 178 at attempts =  4000
 tracks = 178 at attempts =  5000
 tracks = 178 at attempts =  6000
 tracks = 178 at attempts =  7000
 tracks = 178 at attempts =  8000
 tracks = 178 at attempts =  9000
 tracks = 178 at attempts = 10000
 tracks = 178 at attempts = 11000
 tracks = 178 at attempts = 12000
 tracks = 178 at attempts = 13000
 tracks = 178 at attempts = 14000
 tracks = 178 at attempts = 15000
 tracks = 178 at attempts = 16000
 tracks = 178 at attempts = 17000
 tracks = 178 at attempts = 18000
 tracks = 178 at attempts = 19000
 tracks = 178 at attempts = 20000
 tracks = 178 at attempts = 21000
 tracks = 178 at attempts = 22000
 tracks = 178 at attempts = 23000
 tracks = 178 at attempts = 24000
 removing redundant feed-through pins
 the connectivity of all the nets is verified

 block left edge is at -239
 the longest block length is 17360
 building the steiner trees
 rebuilding the steiner tree

----start doing coarse global routing ------ 
 ITERATION  1

  longest Row is:9   Its length is:16960
 doing feed-through pins assignment
 building the net-tree now !
 set up the global routing grids
 the starting value of tracks =  198
 tracks = 198 at attempts =  1000
 tracks = 198 at attempts =  2000
 tracks = 198 at attempts =  3000
 tracks = 198 at attempts =  4000
 tracks = 198 at attempts =  5000
 tracks = 198 at attempts =  6000
 tracks = 198 at attempts =  7000
 tracks = 198 at attempts =  8000
 tracks = 198 at attempts =  9000
 tracks = 198 at attempts = 10000
 tracks = 198 at attempts = 11000
 tracks = 198 at attempts = 12000
 tracks = 198 at attempts = 13000
 tracks = 198 at attempts = 14000
 tracks = 198 at attempts = 15000
 tracks = 198 at attempts = 16000
 tracks = 198 at attempts = 17000
 tracks = 198 at attempts = 18000
 tracks = 198 at attempts = 19000
 tracks = 198 at attempts = 20000
 tracks = 198 at attempts = 21000
 tracks = 198 at attempts = 22000
 tracks = 198 at attempts = 23000
 tracks = 198 at attempts = 24000
 removing redundant feed-through pins
 the connectivity of all the nets is verified

 block left edge is at -239
 the longest block length is 17360
 building the steiner trees
 rebuilding the steiner tree

----start doing coarse global routing ------ 
 ITERATION  1

  longest Row is:9   Its length is:16960
 doing feed-through pins assignment
 building the net-tree now !
 set up the global routing grids
 the starting value of tracks =  192
 tracks = 182 at attempts =  1000
 tracks = 174 at attempts =  2000
 tracks = 172 at attempts =  3000
 tracks = 172 at attempts =  4000
 tracks = 172 at attempts =  5000
 tracks = 172 at attempts =  6000
 tracks = 172 at attempts =  7000
 tracks = 172 at attempts =  8000
 tracks = 172 at attempts =  9000
 tracks = 172 at attempts = 10000
 tracks = 172 at attempts = 11000
 tracks = 172 at attempts = 12000
 tracks = 172 at attempts = 13000
 tracks = 172 at attempts = 14000
 tracks = 172 at attempts = 15000
 tracks = 172 at attempts = 16000
 tracks = 172 at attempts = 17000
 tracks = 172 at attempts = 18000
 tracks = 172 at attempts = 19000
 tracks = 172 at attempts = 20000
 tracks = 172 at attempts = 21000
 tracks = 172 at attempts = 22000
 tracks = 172 at attempts = 23000
 tracks = 172 at attempts = 24000
 removing redundant feed-through pins
 the connectivity of all the nets is verified

 block left edge is at -239
 the longest block length is 17360
 building the steiner trees
 rebuilding the steiner tree

----start doing coarse global routing ------ 
 ITERATION  1

  longest Row is:9   Its length is:16960
 doing feed-through pins assignment
 building the net-tree now !
 set up the global routing grids
 the starting value of tracks =  194
 tracks = 181 at attempts =  1000
 tracks = 180 at attempts =  2000
 tracks = 178 at attempts =  3000
 tracks = 175 at attempts =  4000
 tracks = 174 at attempts =  5000
 tracks = 174 at attempts =  6000
 tracks = 174 at attempts =  7000
 tracks = 174 at attempts =  8000
 tracks = 174 at attempts =  9000
 tracks = 174 at attempts = 10000
 tracks = 174 at attempts = 11000
 tracks = 174 at attempts = 12000
 tracks = 174 at attempts = 13000
 tracks = 174 at attempts = 14000
 tracks = 174 at attempts = 15000
 tracks = 174 at attempts = 16000
 tracks = 174 at attempts = 17000
 tracks = 174 at attempts = 18000
 tracks = 174 at attempts = 19000
 tracks = 174 at attempts = 20000
 tracks = 174 at attempts = 21000
 tracks = 174 at attempts = 22000
 tracks = 174 at attempts = 23000
 tracks = 174 at attempts = 24000
 removing redundant feed-through pins
 the connectivity of all the nets is verified

 block left edge is at -239
 the longest block length is 17360
 building the steiner trees
 rebuilding the steiner tree

----start doing coarse global routing ------ 
 ITERATION  1

  longest Row is:9   Its length is:16960
 doing feed-through pins assignment
 building the net-tree now !
 set up the global routing grids
 the starting value of tracks =  194
 tracks = 178 at attempts =  1000
 tracks = 177 at attempts =  2000
 tracks = 176 at attempts =  3000
 tracks = 175 at attempts =  4000
 tracks = 175 at attempts =  5000
 tracks = 175 at attempts =  6000
 tracks = 175 at attempts =  7000
 tracks = 175 at attempts =  8000
 tracks = 175 at attempts =  9000
 tracks = 175 at attempts = 10000
 tracks = 175 at attempts = 11000
 tracks = 175 at attempts = 12000
 tracks = 175 at attempts = 13000
 tracks = 175 at attempts = 14000
 tracks = 175 at attempts = 15000
 tracks = 175 at attempts = 16000
 tracks = 175 at attempts = 17000
 tracks = 175 at attempts = 18000
 tracks = 175 at attempts = 19000
 tracks = 175 at attempts = 20000
 tracks = 175 at attempts = 21000
 tracks = 175 at attempts = 22000
 tracks = 175 at attempts = 23000
 tracks = 175 at attempts = 24000
 removing redundant feed-through pins
 the connectivity of all the nets is verified

 block left edge is at -239
 the longest block length is 17360
 building the steiner trees
 rebuilding the steiner tree

----start doing coarse global routing ------ 
 ITERATION  1

  longest Row is:9   Its length is:16960
 doing feed-through pins assignment
 building the net-tree now !
 set up the global routing grids
 the starting value of tracks =  200
 tracks = 199 at attempts =  1000
 tracks = 199 at attempts =  2000
 tracks = 199 at attempts =  3000
 tracks = 199 at attempts =  4000
 tracks = 199 at attempts =  5000
 tracks = 199 at attempts =  6000
 tracks = 199 at attempts =  7000
 tracks = 199 at attempts =  8000
 tracks = 199 at attempts =  9000
 tracks = 199 at attempts = 10000
 tracks = 199 at attempts = 11000
 tracks = 199 at attempts = 12000
 tracks = 199 at attempts = 13000
 tracks = 199 at attempts = 14000
 tracks = 199 at attempts = 15000
 tracks = 199 at attempts = 16000
 tracks = 199 at attempts = 17000
 tracks = 199 at attempts = 18000
 tracks = 199 at attempts = 19000
 tracks = 199 at attempts = 20000
 tracks = 199 at attempts = 21000
 tracks = 199 at attempts = 22000
 tracks = 199 at attempts = 23000
 tracks = 199 at attempts = 24000
 removing redundant feed-through pins
 the connectivity of all the nets is verified


***********************************************
*ACTUAL* FINAL NUMBER OF ROUTING TRACKS: 169
***********************************************


TimberWolfSC terminated normally with no errors and 0 warning[s]


twflow terminated normally with no errors and 0 warning[s]

Running getantennacell to determine cell to use for antenna anchors.
getantennacell.tcl nibble_top  /usr/local/share/qflow/tech/osu018/osu018_stdcells.lef 
Running getfillcell to determine cell to use for fill.
getfillcell.tcl nibble_top  /usr/local/share/qflow/tech/osu018/osu018_stdcells.lef FILL
Using cell FILL for fill
Running place2def to translate graywolf output to DEF format.
place2def.tcl nibble_top FILL 
Running place2def.tcl
DEF database: 100 units per micron
Limits: xbot = -535.0 ybot = -465.0 xtop = 17015.0 ytop = 16165.0
Core values: 40 50 17000 16050
Offsets: 40 50
6 routing layers
167 horizontal tracks from -300.0 to 16400.0 step 100 (M1, M3, ...)
220 vertical tracks from -320.0 to 17280.0 step 80 (M2, M4, ...)
Summary: Total components = 898
  Fill cells  = 0
  Other cells = 898
Done with place2def.tcl
Running addspacers to generate power stripes and align cell right edge
addspacers.tcl  -stripe 2.0 50.0 PG nibble_top  /usr/local/share/qflow/tech/osu018/osu018_stdcells.lef FILL
Reading FILL macros from LEF file.
Reading layer name nwell
Reading layer name nactive
Reading layer name pactive
Reading layer name poly
Reading layer name cc
Reading layer name metal1
Reading layer name via
Reading layer name metal2
Reading layer name via2
Reading layer name metal3
Reading layer name via3
Reading layer name metal4
Reading layer name via4
Reading layer name metal5
Reading layer name via5
Reading layer name metal6
Reading DEF file nibble_top.def. . .
Number of rows is 16
Longest row has width 170.0 um
Added to stripe filler FILL
Total stripe width now 80
Added to stripe filler FILL
Total stripe width now 160
addspacers:  Inserting 2 stripes of width 1.6 um (2.0 um requested)
  Pitch 49.6 um, offset 60.0 um
stretch:  Number of components is 983
Analysis of DEF file:
Number of components = 898
New number of components = 983
Number of rows = 16
Adjusting obstructions for power striping
Done with addspacers.tcl
Running arrangepins to adjust pin positions for optimal routing.
arrangepins.tcl  nibble_top
Reading info file nibble_top.info. . .
Reading DEF file nibble_top.def. . .
Recalculating pin positions
Writing DEF file nibble_top_mod.def. . .
Done with arrangepins.tcl
DEF2Verilog -v /home/gianca/Documents/UCR/IE-0411/P1/RTL/ProyectoMicros/synthesis/nibble_top.rtlnopwr.v -o /home/gianca/Documents/UCR/IE-0411/P1/RTL/ProyectoMicros/synthesis/nibble_top_anno.v
-p vdd -g gnd  -l  /usr/local/share/qflow/tech/osu018/osu018_stdcells.lef nibble_top.def

Generating RTL verilog and SPICE netlist file in directory
   /home/gianca/Documents/UCR/IE-0411/P1/RTL/ProyectoMicros/synthesis
Files:
   Verilog: /home/gianca/Documents/UCR/IE-0411/P1/RTL/ProyectoMicros/synthesis/nibble_top.rtl.v
   Verilog: /home/gianca/Documents/UCR/IE-0411/P1/RTL/ProyectoMicros/synthesis/nibble_top.rtlnopwr.v
   Verilog: /home/gianca/Documents/UCR/IE-0411/P1/RTL/ProyectoMicros/synthesis/nibble_top.rtlbb.v
   Spice:   /home/gianca/Documents/UCR/IE-0411/P1/RTL/ProyectoMicros/synthesis/nibble_top.spc

Running vlog2Verilog.
vlog2Verilog -c -v vdd -g gnd -o nibble_top.rtl.v nibble_top_anno.v
vlog2Verilog -c -p -v vdd -g gnd -o nibble_top.rtlnopwr.v nibble_top_anno.v
vlog2Verilog -c -b -p -n -v vdd -g gnd -o nibble_top.rtlbb.v nibble_top_anno.v
Running vlog2Spice.
vlog2Spice -i -l  /usr/local/share/qflow/tech/osu018/osu018_stdcells.sp -o nibble_top.spc nibble_top.rtl.v
Placement script ended on sáb 13 jul 19:49:28 CST 2019
