Qflow placement logfile created on sáb 8 jun 12:21:50 CST 2019
Running vlog2Cel to generate input files for graywolf
vlog2Cel  -l  /usr/local/share/qflow/tech/osu018/osu018_stdcells.lef -u 100 -o /home/alberto/gir_repo/ProyectoMicros/Selector/layout/selector4.cel /home/alberto/gir_repo/ProyectoMicros/Selector/synthesis/selector4.rtlnopwr.v
No selector4.cel1 file found for project. . . no partial blockages to apply to layout.
No selector4.cel2 file found for project. . . continuing without pin placement hints
Running GrayWolf placement
graywolf  selector4

twflow version:2.1 date:Mon May 25 21:15:08 EDT 1992
Authors: Bill Swartz, Carl Sechen
         Yale University

syntax version:v1.1 date:Mon May 25 21:11:10 EDT 1992
TimberWolf System Syntax Checker
Authors: Carl Sechen, Kai-Win Lee, Bill Swartz,
         Dahe Chen, and Jimmy Lam
         Yale University

Read   50 objects so far...
Read  100 objects so far...
Read  150 objects so far...
Read  200 objects so far...
Read  250 objects so far...
Read  300 objects so far...
Read  350 objects so far...
Read  400 objects so far...
Read  450 objects so far...
Read  500 objects so far...
Read  550 objects so far...
Read  600 objects so far...
Read  650 objects so far...
Read  700 objects so far...
Read  750 objects so far...
Read  800 objects so far...
No syntax errors were found

syntax terminated normally with no errors and 0 warning[s]


----------------------------
Total stdcells     :720
Total cell width   :2.00e+05
Total cell height  :7.20e+05
Total cell area    :2.00e+08
Total core area    :2.00e+08
Average cell height:1.00e+03


nocut - replacement for Mincut version:v1.0 date:Mon May 25 21:09:40 EDT 1992
TimberWolf System Floorplan Setup Program
Authors: Carl Sechen, Bill Swartz,
         Yale University

Read   50 objects so far...
Read  100 objects so far...
Read  150 objects so far...
Read  200 objects so far...
Read  250 objects so far...
Read  300 objects so far...
Read  350 objects so far...
Read  400 objects so far...
Read  450 objects so far...
Read  500 objects so far...
Read  550 objects so far...
Read  600 objects so far...
Read  650 objects so far...
Read  700 objects so far...
Read  750 objects so far...
Read  800 objects so far...
Splitting selector4.cel into selector4.scel and selector4.mcel...
	done!


nocut - replacement for Mincut terminated normally with no errors and 0 warning[s]


TimberWolfMC version:v2.2 date:Mon May 25 21:18:34 EDT 1992
Authors: Carl Sechen, Bill Swartz, Kai-Win Lee
         Dahe Chen, and Jimmy Lam
         Yale University

config version:v1.0 date:Mon May 25 20:57:18 EDT 1992
Row configuration program
    Yale University


config switches:
	Graphics mode on
	config will inherit window



config terminated normally with no errors and 0 warning[s]

WARNING[space_pins]:overflow for cell:1 pin:pin58
WARNING[space_pins]:overflow for cell:1 pin:pin59
WARNING[space_pins]:overflow for cell:1 pin:pin60
WARNING[space_pins]:overflow for cell:1 pin:pin61
WARNING[space_pins]:overflow for cell:1 pin:pin62
WARNING[space_pins]:overflow for cell:1 pin:pin63
WARNING[space_pins]:overflow for cell:1 pin:pin64

TimberWolfMC terminated normally with no errors and 7 warning[s]



TimberWolfSC switches:
	Graphics mode on
	TimberWolfSC will inherit window

TimberWolfSC version:v6.0 date:Mon May 25 21:19:07 EDT 1992
Row-Based Placement and Global Routing Program
Authors: Carl Sechen, Kai-Win Lee, and Bill Swartz,
         Yale University
  0 
  1   2   3   4   5   6   7   8   9  10  11  12  13  14  15 
 16  17  18  19  20  21  22  23  24  25  26  27  28  29  30 
 31  32  33  34  35  36  37  38  39  40  41  42  43  44  45 
 46  47  48  49  50  51  52  53  54  55  56  57  58  59  60 
 61  62  63  64  65  66  67  68  69  70  71  72  73  74  75 
 76  77  78  79  80  81  82  83  84  85  86  87  88  89  90 
 91  92  93  94  95  96  97  98  99 100 101 102 103 104 105 
106 107 108 109 110 111 112 113 114 115 116 117 118 119 120 
121 122 123 124 125 126 127 128 129 130 131 132 133 134 135 
136 137 138 139 140 141 142 143 144 145 146 147 148 149 150 
151 152 153 154 155 156 157 158 
 block left edge is at -239
 the longest block length is 14640
 building the steiner trees
 rebuilding the steiner tree

----start doing coarse global routing ------ 
 ITERATION  1

  longest Row is:4   Its length is:14400
 doing feed-through pins assignment
 building the net-tree now !
 set up the global routing grids
 the starting value of tracks =  174
 tracks = 166 at attempts =  1000
 tracks = 163 at attempts =  2000
 tracks = 162 at attempts =  3000
 tracks = 162 at attempts =  4000
 tracks = 162 at attempts =  5000
 tracks = 162 at attempts =  6000
 tracks = 162 at attempts =  7000
 tracks = 162 at attempts =  8000
 tracks = 162 at attempts =  9000
 tracks = 162 at attempts = 10000
 tracks = 162 at attempts = 11000
 tracks = 162 at attempts = 12000
 tracks = 162 at attempts = 13000
 tracks = 162 at attempts = 14000
 tracks = 162 at attempts = 15000
 tracks = 162 at attempts = 16000
 tracks = 162 at attempts = 17000
 tracks = 162 at attempts = 18000
 tracks = 162 at attempts = 19000
 tracks = 162 at attempts = 20000
 removing redundant feed-through pins
 the connectivity of all the nets is verified

 block left edge is at -239
 the longest block length is 14640
 building the steiner trees
 rebuilding the steiner tree

----start doing coarse global routing ------ 
 ITERATION  1

  longest Row is:4   Its length is:14400
 doing feed-through pins assignment
 building the net-tree now !
 set up the global routing grids
 the starting value of tracks =  172
 tracks = 162 at attempts =  1000
 tracks = 162 at attempts =  2000
 tracks = 160 at attempts =  3000
 tracks = 160 at attempts =  4000
 tracks = 160 at attempts =  5000
 tracks = 160 at attempts =  6000
 tracks = 160 at attempts =  7000
 tracks = 160 at attempts =  8000
 tracks = 160 at attempts =  9000
 tracks = 160 at attempts = 10000
 tracks = 160 at attempts = 11000
 tracks = 160 at attempts = 12000
 tracks = 160 at attempts = 13000
 tracks = 160 at attempts = 14000
 tracks = 160 at attempts = 15000
 tracks = 160 at attempts = 16000
 tracks = 160 at attempts = 17000
 tracks = 160 at attempts = 18000
 tracks = 160 at attempts = 19000
 tracks = 160 at attempts = 20000
 removing redundant feed-through pins
 the connectivity of all the nets is verified

 block left edge is at -239
 the longest block length is 14640
 building the steiner trees
 rebuilding the steiner tree

----start doing coarse global routing ------ 
 ITERATION  1

  longest Row is:4   Its length is:14400
 doing feed-through pins assignment
 building the net-tree now !
 set up the global routing grids
 the starting value of tracks =  169
 tracks = 163 at attempts =  1000
 tracks = 162 at attempts =  2000
 tracks = 160 at attempts =  3000
 tracks = 159 at attempts =  4000
 tracks = 159 at attempts =  5000
 tracks = 159 at attempts =  6000
 tracks = 159 at attempts =  7000
 tracks = 159 at attempts =  8000
 tracks = 159 at attempts =  9000
 tracks = 159 at attempts = 10000
 tracks = 159 at attempts = 11000
 tracks = 159 at attempts = 12000
 tracks = 159 at attempts = 13000
 tracks = 159 at attempts = 14000
 tracks = 159 at attempts = 15000
 tracks = 159 at attempts = 16000
 tracks = 159 at attempts = 17000
 tracks = 159 at attempts = 18000
 tracks = 159 at attempts = 19000
 tracks = 159 at attempts = 20000
 removing redundant feed-through pins
 the connectivity of all the nets is verified

 block left edge is at -239
 the longest block length is 14640
 building the steiner trees
 rebuilding the steiner tree

----start doing coarse global routing ------ 
 ITERATION  1

  longest Row is:4   Its length is:14400
 doing feed-through pins assignment
 building the net-tree now !
 set up the global routing grids
 the starting value of tracks =  178
 tracks = 175 at attempts =  1000
 tracks = 175 at attempts =  2000
 tracks = 175 at attempts =  3000
 tracks = 175 at attempts =  4000
 tracks = 175 at attempts =  5000
 tracks = 175 at attempts =  6000
 tracks = 175 at attempts =  7000
 tracks = 175 at attempts =  8000
 tracks = 175 at attempts =  9000
 tracks = 175 at attempts = 10000
 tracks = 175 at attempts = 11000
 tracks = 175 at attempts = 12000
 tracks = 175 at attempts = 13000
 tracks = 175 at attempts = 14000
 tracks = 175 at attempts = 15000
 tracks = 175 at attempts = 16000
 tracks = 175 at attempts = 17000
 tracks = 175 at attempts = 18000
 tracks = 175 at attempts = 19000
 tracks = 175 at attempts = 20000
 removing redundant feed-through pins
 the connectivity of all the nets is verified

 block left edge is at -239
 the longest block length is 14640
 building the steiner trees
 rebuilding the steiner tree

----start doing coarse global routing ------ 
 ITERATION  1

  longest Row is:4   Its length is:14400
 doing feed-through pins assignment
 building the net-tree now !
 set up the global routing grids
 the starting value of tracks =  170
 tracks = 164 at attempts =  1000
 tracks = 163 at attempts =  2000
 tracks = 162 at attempts =  3000
 tracks = 162 at attempts =  4000
 tracks = 162 at attempts =  5000
 tracks = 162 at attempts =  6000
 tracks = 162 at attempts =  7000
 tracks = 162 at attempts =  8000
 tracks = 162 at attempts =  9000
 tracks = 162 at attempts = 10000
 tracks = 162 at attempts = 11000
 tracks = 162 at attempts = 12000
 tracks = 162 at attempts = 13000
 tracks = 162 at attempts = 14000
 tracks = 162 at attempts = 15000
 tracks = 162 at attempts = 16000
 tracks = 162 at attempts = 17000
 tracks = 162 at attempts = 18000
 tracks = 162 at attempts = 19000
 tracks = 162 at attempts = 20000
 removing redundant feed-through pins
 the connectivity of all the nets is verified

 block left edge is at -239
 the longest block length is 14640
 building the steiner trees
 rebuilding the steiner tree

----start doing coarse global routing ------ 
 ITERATION  1

  longest Row is:4   Its length is:14400
 doing feed-through pins assignment
 building the net-tree now !
 set up the global routing grids
 the starting value of tracks =  174
 tracks = 164 at attempts =  1000
 tracks = 162 at attempts =  2000
 tracks = 162 at attempts =  3000
 tracks = 161 at attempts =  4000
 tracks = 161 at attempts =  5000
 tracks = 161 at attempts =  6000
 tracks = 161 at attempts =  7000
 tracks = 161 at attempts =  8000
 tracks = 161 at attempts =  9000
 tracks = 161 at attempts = 10000
 tracks = 161 at attempts = 11000
 tracks = 161 at attempts = 12000
 tracks = 161 at attempts = 13000
 tracks = 161 at attempts = 14000
 tracks = 161 at attempts = 15000
 tracks = 161 at attempts = 16000
 tracks = 161 at attempts = 17000
 tracks = 161 at attempts = 18000
 tracks = 161 at attempts = 19000
 tracks = 161 at attempts = 20000
 removing redundant feed-through pins
 the connectivity of all the nets is verified

 block left edge is at -239
 the longest block length is 14640
 building the steiner trees
 rebuilding the steiner tree

----start doing coarse global routing ------ 
 ITERATION  1

  longest Row is:4   Its length is:14400
 doing feed-through pins assignment
 building the net-tree now !
 set up the global routing grids
 the starting value of tracks =  168
 tracks = 164 at attempts =  1000
 tracks = 163 at attempts =  2000
 tracks = 161 at attempts =  3000
 tracks = 161 at attempts =  4000
 tracks = 161 at attempts =  5000
 tracks = 161 at attempts =  6000
 tracks = 161 at attempts =  7000
 tracks = 161 at attempts =  8000
 tracks = 161 at attempts =  9000
 tracks = 161 at attempts = 10000
 tracks = 161 at attempts = 11000
 tracks = 161 at attempts = 12000
 tracks = 161 at attempts = 13000
 tracks = 161 at attempts = 14000
 tracks = 161 at attempts = 15000
 tracks = 161 at attempts = 16000
 tracks = 161 at attempts = 17000
 tracks = 161 at attempts = 18000
 tracks = 161 at attempts = 19000
 tracks = 161 at attempts = 20000
 removing redundant feed-through pins
 the connectivity of all the nets is verified

 block left edge is at -239
 the longest block length is 14640
 building the steiner trees
 rebuilding the steiner tree

----start doing coarse global routing ------ 
 ITERATION  1

  longest Row is:4   Its length is:14400
 doing feed-through pins assignment
 building the net-tree now !
 set up the global routing grids
 the starting value of tracks =  179
 tracks = 178 at attempts =  1000
 tracks = 177 at attempts =  2000
 tracks = 177 at attempts =  3000
 tracks = 177 at attempts =  4000
 tracks = 177 at attempts =  5000
 tracks = 177 at attempts =  6000
 tracks = 177 at attempts =  7000
 tracks = 177 at attempts =  8000
 tracks = 177 at attempts =  9000
 tracks = 177 at attempts = 10000
 tracks = 177 at attempts = 11000
 tracks = 177 at attempts = 12000
 tracks = 177 at attempts = 13000
 tracks = 177 at attempts = 14000
 tracks = 177 at attempts = 15000
 tracks = 177 at attempts = 16000
 tracks = 177 at attempts = 17000
 tracks = 177 at attempts = 18000
 tracks = 177 at attempts = 19000
 tracks = 177 at attempts = 20000
 removing redundant feed-through pins
 the connectivity of all the nets is verified


***********************************************
*ACTUAL* FINAL NUMBER OF ROUTING TRACKS: 159
***********************************************


TimberWolfSC terminated normally with no errors and 0 warning[s]


twflow terminated normally with no errors and 0 warning[s]

Running getantennacell to determine cell to use for antenna anchors.
getantennacell.tcl selector4  /usr/local/share/qflow/tech/osu018/osu018_stdcells.lef 
Running getfillcell to determine cell to use for fill.
getfillcell.tcl selector4  /usr/local/share/qflow/tech/osu018/osu018_stdcells.lef FILL
Using cell FILL for fill
Running place2def to translate graywolf output to DEF format.
place2def.tcl selector4 FILL 
Running place2def.tcl
DEF database: 100 units per micron
Limits: xbot = -535.0 ybot = -465.0 xtop = 14455.0 ytop = 14165.0
Core values: 40 50 14440 14050
Offsets: 40 50
6 routing layers
147 horizontal tracks from -300.0 to 14400.0 step 100 (M1, M3, ...)
188 vertical tracks from -320.0 to 14720.0 step 80 (M2, M4, ...)
Summary: Total components = 720
  Fill cells  = 0
  Other cells = 720
Done with place2def.tcl
Running addspacers to generate power stripes and align cell right edge
addspacers.tcl  -stripe 2.0 50.0 PG selector4  /usr/local/share/qflow/tech/osu018/osu018_stdcells.lef FILL
Reading FILL macros from LEF file.
Reading layer name nwell
Reading layer name nactive
Reading layer name pactive
Reading layer name poly
Reading layer name cc
Reading layer name metal1
Reading layer name via
Reading layer name metal2
Reading layer name via2
Reading layer name metal3
Reading layer name via3
Reading layer name metal4
Reading layer name via4
Reading layer name metal5
Reading layer name via5
Reading layer name metal6
Reading DEF file selector4.def. . .
Number of rows is 14
Longest row has width 144.4 um
Added to stripe filler FILL
Total stripe width now 80
Added to stripe filler FILL
Total stripe width now 160
addspacers:  Inserting 2 stripes of width 1.6 um (2.0 um requested)
  Pitch 49.6 um, offset 47.2 um
stretch:  Number of components is 800
Analysis of DEF file:
Number of components = 720
New number of components = 800
Number of rows = 14
Adjusting obstructions for power striping
Done with addspacers.tcl
Running arrangepins to adjust pin positions for optimal routing.
arrangepins.tcl  selector4
Reading info file selector4.info. . .
Reading DEF file selector4.def. . .
Recalculating pin positions
Writing DEF file selector4_mod.def. . .
Done with arrangepins.tcl
DEF2Verilog -v /home/alberto/gir_repo/ProyectoMicros/Selector/synthesis/selector4.rtlnopwr.v -o /home/alberto/gir_repo/ProyectoMicros/Selector/synthesis/selector4_anno.v
-p vdd -g gnd  -l  /usr/local/share/qflow/tech/osu018/osu018_stdcells.lef selector4.def

Generating RTL verilog and SPICE netlist file in directory
   /home/alberto/gir_repo/ProyectoMicros/Selector/synthesis
Files:
   Verilog: /home/alberto/gir_repo/ProyectoMicros/Selector/synthesis/selector4.rtl.v
   Verilog: /home/alberto/gir_repo/ProyectoMicros/Selector/synthesis/selector4.rtlnopwr.v
   Verilog: /home/alberto/gir_repo/ProyectoMicros/Selector/synthesis/selector4.rtlbb.v
   Spice:   /home/alberto/gir_repo/ProyectoMicros/Selector/synthesis/selector4.spc

Running vlog2Verilog.
vlog2Verilog -c -v vdd -g gnd -o selector4.rtl.v selector4_anno.v
vlog2Verilog -c -p -v vdd -g gnd -o selector4.rtlnopwr.v selector4_anno.v
vlog2Verilog -c -b -p -n -v vdd -g gnd -o selector4.rtlbb.v selector4_anno.v
Running vlog2Spice.
vlog2Spice -i -l  /usr/local/share/qflow/tech/osu018/osu018_stdcells.sp -o selector4.spc selector4.rtl.v
Placement script ended on sáb 8 jun 12:21:59 CST 2019
