
Cell NAND3X1 disconnected node: A
Cell NAND3X1 disconnected node: B
Cell NAND3X1 disconnected node: C
Cell NAND3X1 disconnected node: gnd
Cell NAND3X1 disconnected node: Y
Cell NAND3X1 disconnected node: vdd

Subcircuit pins:
Circuit 1: NAND3X1                         |Circuit 2: NAND3X1                         
-------------------------------------------|-------------------------------------------
A                                          |A                                          
B                                          |B                                          
C                                          |C                                          
gnd                                        |gnd                                        
Y                                          |Y                                          
vdd                                        |vdd                                        
---------------------------------------------------------------------------------------
Cell pin lists are equivalent.
Device classes NAND3X1 and NAND3X1 are equivalent.

Cell NAND2X1 disconnected node: A
Cell NAND2X1 disconnected node: B
Cell NAND2X1 disconnected node: gnd
Cell NAND2X1 disconnected node: Y
Cell NAND2X1 disconnected node: vdd

Subcircuit pins:
Circuit 1: NAND2X1                         |Circuit 2: NAND2X1                         
-------------------------------------------|-------------------------------------------
A                                          |A                                          
B                                          |B                                          
gnd                                        |gnd                                        
Y                                          |Y                                          
vdd                                        |vdd                                        
---------------------------------------------------------------------------------------
Cell pin lists are equivalent.
Device classes NAND2X1 and NAND2X1 are equivalent.

Cell INVX1 disconnected node: A
Cell INVX1 disconnected node: gnd
Cell INVX1 disconnected node: Y
Cell INVX1 disconnected node: vdd

Subcircuit pins:
Circuit 1: INVX1                           |Circuit 2: INVX1                           
-------------------------------------------|-------------------------------------------
A                                          |A                                          
gnd                                        |gnd                                        
Y                                          |Y                                          
vdd                                        |vdd                                        
---------------------------------------------------------------------------------------
Cell pin lists are equivalent.
Device classes INVX1 and INVX1 are equivalent.

Cell BUFX2 disconnected node: A
Cell BUFX2 disconnected node: gnd
Cell BUFX2 disconnected node: Y
Cell BUFX2 disconnected node: vdd

Subcircuit pins:
Circuit 1: BUFX2                           |Circuit 2: BUFX2                           
-------------------------------------------|-------------------------------------------
A                                          |A                                          
gnd                                        |gnd                                        
Y                                          |Y                                          
vdd                                        |vdd                                        
---------------------------------------------------------------------------------------
Cell pin lists are equivalent.
Device classes BUFX2 and BUFX2 are equivalent.

Cell OR2X2 disconnected node: A
Cell OR2X2 disconnected node: B
Cell OR2X2 disconnected node: gnd
Cell OR2X2 disconnected node: Y
Cell OR2X2 disconnected node: vdd

Subcircuit pins:
Circuit 1: OR2X2                           |Circuit 2: OR2X2                           
-------------------------------------------|-------------------------------------------
A                                          |A                                          
B                                          |B                                          
gnd                                        |gnd                                        
Y                                          |Y                                          
vdd                                        |vdd                                        
---------------------------------------------------------------------------------------
Cell pin lists are equivalent.
Device classes OR2X2 and OR2X2 are equivalent.

Cell DFFPOSX1 disconnected node: Q
Cell DFFPOSX1 disconnected node: CLK
Cell DFFPOSX1 disconnected node: D
Cell DFFPOSX1 disconnected node: gnd
Cell DFFPOSX1 disconnected node: vdd

Subcircuit pins:
Circuit 1: DFFPOSX1                        |Circuit 2: DFFPOSX1                        
-------------------------------------------|-------------------------------------------
Q                                          |Q                                          
CLK                                        |CLK                                        
D                                          |D                                          
gnd                                        |gnd                                        
vdd                                        |vdd                                        
---------------------------------------------------------------------------------------
Cell pin lists are equivalent.
Device classes DFFPOSX1 and DFFPOSX1 are equivalent.

Cell OAI21X1 disconnected node: A
Cell OAI21X1 disconnected node: B
Cell OAI21X1 disconnected node: C
Cell OAI21X1 disconnected node: gnd
Cell OAI21X1 disconnected node: Y
Cell OAI21X1 disconnected node: vdd

Subcircuit pins:
Circuit 1: OAI21X1                         |Circuit 2: OAI21X1                         
-------------------------------------------|-------------------------------------------
A                                          |A                                          
B                                          |B                                          
C                                          |C                                          
gnd                                        |gnd                                        
Y                                          |Y                                          
vdd                                        |vdd                                        
---------------------------------------------------------------------------------------
Cell pin lists are equivalent.
Device classes OAI21X1 and OAI21X1 are equivalent.

Cell AOI21X1 disconnected node: A
Cell AOI21X1 disconnected node: B
Cell AOI21X1 disconnected node: C
Cell AOI21X1 disconnected node: gnd
Cell AOI21X1 disconnected node: Y
Cell AOI21X1 disconnected node: vdd

Subcircuit pins:
Circuit 1: AOI21X1                         |Circuit 2: AOI21X1                         
-------------------------------------------|-------------------------------------------
A                                          |A                                          
B                                          |B                                          
C                                          |C                                          
gnd                                        |gnd                                        
Y                                          |Y                                          
vdd                                        |vdd                                        
---------------------------------------------------------------------------------------
Cell pin lists are equivalent.
Device classes AOI21X1 and AOI21X1 are equivalent.

Cell INVX2 disconnected node: A
Cell INVX2 disconnected node: gnd
Cell INVX2 disconnected node: Y
Cell INVX2 disconnected node: vdd

Subcircuit pins:
Circuit 1: INVX2                           |Circuit 2: INVX2                           
-------------------------------------------|-------------------------------------------
A                                          |A                                          
gnd                                        |gnd                                        
Y                                          |Y                                          
vdd                                        |vdd                                        
---------------------------------------------------------------------------------------
Cell pin lists are equivalent.
Device classes INVX2 and INVX2 are equivalent.

Cell INVX4 disconnected node: A
Cell INVX4 disconnected node: gnd
Cell INVX4 disconnected node: Y
Cell INVX4 disconnected node: vdd

Subcircuit pins:
Circuit 1: INVX4                           |Circuit 2: INVX4                           
-------------------------------------------|-------------------------------------------
A                                          |A                                          
gnd                                        |gnd                                        
Y                                          |Y                                          
vdd                                        |vdd                                        
---------------------------------------------------------------------------------------
Cell pin lists are equivalent.
Device classes INVX4 and INVX4 are equivalent.

Subcircuit summary:
Circuit 1: selector4                       |Circuit 2: selector4                       
-------------------------------------------|-------------------------------------------
NAND3X1 (192)                              |NAND3X1 (192)                              
NAND2X1 (160)                              |NAND2X1 (160)                              
INVX1 (128)                                |INVX1 (128)                                
OR2X2 (96)                                 |OR2X2 (96)                                 
BUFX2 (56)                                 |BUFX2 (56)                                 
OAI21X1 (32)                               |OAI21X1 (32)                               
DFFPOSX1 (16)                              |DFFPOSX1 (16)                              
AOI21X1 (16)                               |AOI21X1 (16)                               
INVX2 (16)                                 |INVX2 (16)                                 
INVX4 (8)                                  |INVX4 (8)                                  
Number of devices: 720                     |Number of devices: 720                     
Number of nets: 816                        |Number of nets: 816                        
---------------------------------------------------------------------------------------
Circuits match uniquely.
Netlists match uniquely.

Subcircuit pins:
Circuit 1: selector4                       |Circuit 2: selector4                       
-------------------------------------------|-------------------------------------------
CLK                                        |CLK                                        
sel_A[6]                                   |sel_A[6]                                   
sel_A[9]                                   |sel_A[9]                                   
sel_A[0]                                   |sel_A[0]                                   
sel_A[3]                                   |sel_A[3]                                   
SEL[1]                                     |SEL[1]                                     
SEL[0]                                     |SEL[0]                                     
SEL[3]                                     |SEL[3]                                     
SEL[2]                                     |SEL[2]                                     
sel_B[9]                                   |sel_B[9]                                   
sel_B[3]                                   |sel_B[3]                                   
sel_B[6]                                   |sel_B[6]                                   
sel_B[0]                                   |sel_B[0]                                   
sel_A[11]                                  |sel_A[11]                                  
sel_B[11]                                  |sel_B[11]                                  
sel_A[2]                                   |sel_A[2]                                   
sel_A[5]                                   |sel_A[5]                                   
sel_B[2]                                   |sel_B[2]                                   
sel_A[8]                                   |sel_A[8]                                   
sel_B[5]                                   |sel_B[5]                                   
sel_B[8]                                   |sel_B[8]                                   
NIBBLE_OUT[6]                              |NIBBLE_OUT[6]                              
NIBBLE_OUT[14]                             |NIBBLE_OUT[14]                             
NIBBLE_OUT[2]                              |NIBBLE_OUT[2]                              
NIBBLE_OUT[10]                             |NIBBLE_OUT[10]                             
NIBBLE_OUT[7]                              |NIBBLE_OUT[7]                              
NIBBLE_OUT[4]                              |NIBBLE_OUT[4]                              
NIBBLE_OUT[1]                              |NIBBLE_OUT[1]                              
NIBBLE_OUT[15]                             |NIBBLE_OUT[15]                             
NIBBLE_OUT[12]                             |NIBBLE_OUT[12]                             
NIBBLE_OUT[9]                              |NIBBLE_OUT[9]                              
NIBBLE_OUT[3]                              |NIBBLE_OUT[3]                              
NIBBLE_OUT[0]                              |NIBBLE_OUT[0]                              
NIBBLE_OUT[11]                             |NIBBLE_OUT[11]                             
NIBBLE_OUT[8]                              |NIBBLE_OUT[8]                              
NIBBLE_OUT[5]                              |NIBBLE_OUT[5]                              
NIBBLE_OUT[13]                             |NIBBLE_OUT[13]                             
DATA_B[31]                                 |DATA_B[31]                                 
DATA_A[26]                                 |DATA_A[26]                                 
RESET_L                                    |RESET_L                                    
DATA_B[0]                                  |DATA_B[0]                                  
DATA_B[8]                                  |DATA_B[8]                                  
DATA_A[4]                                  |DATA_A[4]                                  
DATA_A[5]                                  |DATA_A[5]                                  
DATA_A[0]                                  |DATA_A[0]                                  
DATA_A[28]                                 |DATA_A[28]                                 
DATA_A[29]                                 |DATA_A[29]                                 
DATA_B[29]                                 |DATA_B[29]                                 
DATA_B[28]                                 |DATA_B[28]                                 
DATA_A[31]                                 |DATA_A[31]                                 
DATA_B[30]                                 |DATA_B[30]                                 
DATA_A[13]                                 |DATA_A[13]                                 
DATA_B[13]                                 |DATA_B[13]                                 
DATA_A[15]                                 |DATA_A[15]                                 
DATA_A[24]                                 |DATA_A[24]                                 
DATA_A[17]                                 |DATA_A[17]                                 
DATA_A[30]                                 |DATA_A[30]                                 
DATA_B[22]                                 |DATA_B[22]                                 
DATA_A[20]                                 |DATA_A[20]                                 
DATA_B[24]                                 |DATA_B[24]                                 
DATA_A[21]                                 |DATA_A[21]                                 
DATA_B[20]                                 |DATA_B[20]                                 
DATA_A[22]                                 |DATA_A[22]                                 
DATA_B[14]                                 |DATA_B[14]                                 
DATA_A[12]                                 |DATA_A[12]                                 
DATA_B[12]                                 |DATA_B[12]                                 
DATA_B[15]                                 |DATA_B[15]                                 
DATA_B[18]                                 |DATA_B[18]                                 
DATA_B[26]                                 |DATA_B[26]                                 
DATA_A[23]                                 |DATA_A[23]                                 
DATA_A[18]                                 |DATA_A[18]                                 
DATA_B[16]                                 |DATA_B[16]                                 
DATA_A[19]                                 |DATA_A[19]                                 
DATA_A[27]                                 |DATA_A[27]                                 
DATA_B[27]                                 |DATA_B[27]                                 
DATA_A[25]                                 |DATA_A[25]                                 
DATA_B[19]                                 |DATA_B[19]                                 
DATA_B[21]                                 |DATA_B[21]                                 
DATA_B[25]                                 |DATA_B[25]                                 
DATA_A[10]                                 |DATA_A[10]                                 
DATA_A[16]                                 |DATA_A[16]                                 
DATA_B[23]                                 |DATA_B[23]                                 
DATA_B[17]                                 |DATA_B[17]                                 
DATA_A[1]                                  |DATA_A[1]                                  
DATA_B[7]                                  |DATA_B[7]                                  
DATA_A[6]                                  |DATA_A[6]                                  
DATA_A[9]                                  |DATA_A[9]                                  
DATA_A[2]                                  |DATA_A[2]                                  
DATA_B[6]                                  |DATA_B[6]                                  
DATA_B[11]                                 |DATA_B[11]                                 
DATA_B[4]                                  |DATA_B[4]                                  
DATA_B[3]                                  |DATA_B[3]                                  
DATA_A[11]                                 |DATA_A[11]                                 
DATA_A[3]                                  |DATA_A[3]                                  
DATA_B[5]                                  |DATA_B[5]                                  
DATA_A[14]                                 |DATA_A[14]                                 
DATA_B[9]                                  |DATA_B[9]                                  
DATA_A[8]                                  |DATA_A[8]                                  
DATA_B[1]                                  |DATA_B[1]                                  
DATA_B[2]                                  |DATA_B[2]                                  
DATA_B[10]                                 |DATA_B[10]                                 
DATA_A[7]                                  |DATA_A[7]                                  
vdd                                        |vdd                                        
gnd                                        |gnd                                        
sel_B[4]                                   |sel_B[4]                                   
sel_B[1]                                   |sel_B[1]                                   
sel_B[10]                                  |sel_B[10]                                  
sel_A[4]                                   |sel_A[4]                                   
sel_B[7]                                   |sel_B[7]                                   
sel_A[10]                                  |sel_A[10]                                  
sel_A[1]                                   |sel_A[1]                                   
sel_A[7]                                   |sel_A[7]                                   
---------------------------------------------------------------------------------------
Cell pin lists are equivalent.
Device classes selector4 and selector4 are equivalent.
Circuits match uniquely.
