
16. Executing ABC pass (technology mapping using ABC).

16.1. Extracting gate netlist of module `\nibble_top' to `<abc-temp-dir>/input.blif'..
Extracted 378 gates and 508 wires to a netlist network with 129 inputs and 40 outputs.

16.1.1. Executing ABC.
Running ABC command: berkeley-abc -s -f <abc-temp-dir>/abc.script 2>&1
ABC: ABC command line: "source <abc-temp-dir>/abc.script".
ABC: 
ABC: + read_blif <abc-temp-dir>/input.blif 
ABC: + read_lib -w /home/gianca/Documents/UCR/IE-0411/P1/RTL/ProyectoMicros/Nibble/../libs/osu018_stdcells.lib 
ABC: Parsing finished successfully.  Parsing time =     0.00 sec
ABC: Scl_LibertyReadGenlib() skipped sequential cell "DFFNEGX1".
ABC: Scl_LibertyReadGenlib() skipped sequential cell "DFFPOSX1".
ABC: Scl_LibertyReadGenlib() skipped sequential cell "DFFSR".
ABC: Scl_LibertyReadGenlib() skipped sequential cell "LATCH".
ABC: Scl_LibertyReadGenlib() skipped three-state cell "TBUFX1".
ABC: Scl_LibertyReadGenlib() skipped three-state cell "TBUFX2".
ABC: Library "osu018_stdcells" from "/home/gianca/Documents/UCR/IE-0411/P1/RTL/ProyectoMicros/Nibble/../libs/osu018_stdcells.lib" has 26 cells (6 skipped: 4 seq; 2 tri-state; 0 no func).  Time =     0.01 sec
ABC: Memory =    0.36 MB. Time =     0.01 sec
ABC: Warning: Detected 2 multi-output gates (for example, "FAX1").
ABC: + read_constr -v /home/gianca/Documents/UCR/IE-0411/P1/RTL/ProyectoMicros/Nibble/nibble.constr 
ABC: Directive set_driving_cell should be followed by two arguments.
ABC: Directive set_load should be followed by two arguments.
ABC: + strash 
ABC: + dc2 
ABC: + scorr 
ABC: Warning: The network is combinational (run "fraig" or "fraig_sweep").
ABC: + ifraig 
ABC: + retime -o -D 10000 
ABC: + strash 
ABC: + dch -f 
ABC: + map -D 10000 
ABC: + buffer 
ABC: + upsize -D 10000 
ABC: Current delay (1408.79 ps) does not exceed the target delay (10000.00 ps). Upsizing is not performed.
ABC: + dnsize -D 10000 
ABC: + stime -p 
ABC: WireLoad = "none"  Gates =    543 ( 15.1 %)   Cap = 32.0 ff (  0.5 %)   Area =    14077.00 ( 98.2 %)   Delay =  1409.21 ps  (  3.3 %)               
ABC: Path  0 --     103 : 0    3 pi      A =   0.00  Df =   0.0   -0.0 ps  S =   0.0 ps  Cin =  0.0 ff  Cout =  61.6 ff  Cmax =   0.0 ff  G =    0  
ABC: Path  1 --     675 : 2    1 XOR2X1  A =  56.00  Df =  99.2  -14.3 ps  S =  66.2 ps  Cin = 31.9 ff  Cout =   9.3 ff  Cmax = 484.4 ff  G =   29  
ABC: Path  2 --     676 : 1    2 INVX1   A =  16.00  Df = 173.8   -9.6 ps  S =  82.2 ps  Cin =  9.3 ff  Cout =  30.9 ff  Cmax = 503.8 ff  G =  328  
ABC: Path  3 --     685 : 2    1 AND2X2  A =  32.00  Df = 274.7  -26.0 ps  S =  40.7 ps  Cin = 12.6 ff  Cout =  12.9 ff  Cmax = 975.6 ff  G =  102  
ABC: Path  4 --     686 : 3    1 OAI21X1 A =  23.00  Df = 328.7  -33.5 ps  S =  69.8 ps  Cin = 16.1 ff  Cout =  12.9 ff  Cmax = 494.9 ff  G =   80  
ABC: Path  5 --     687 : 2    5 NAND2X1 A =  24.00  Df = 485.1  -11.1 ps  S = 236.4 ps  Cin = 12.6 ff  Cout =  91.1 ff  Cmax = 499.8 ff  G =  713  
ABC: Path  6 --     688 : 3    1 MUX2X1  A =  48.00  Df = 640.6  -14.9 ps  S =  76.3 ps  Cin = 18.3 ff  Cout =  15.1 ff  Cmax = 489.0 ff  G =   82  
ABC: Path  7 --     689 : 2    3 OR2X2   A =  32.00  Df = 775.3  -18.8 ps  S =  79.5 ps  Cin = 14.6 ff  Cout =  49.8 ff  Cmax = 966.5 ff  G =  338  
ABC: Path  8 --     711 : 3    1 MUX2X1  A =  48.00  Df =1409.2  -22.6 ps  S =  44.9 ps  Cin = 18.3 ff  Cout =   0.0 ff  Cmax = 489.0 ff  G =    0  
ABC: Start-point = pi102.  End-point = po38.
ABC: + write_blif <abc-temp-dir>/output.blif 

16.1.2. Re-integrating ABC results.
ABC RESULTS:            AND2X2 cells:       21
ABC RESULTS:           AOI21X1 cells:      130
ABC RESULTS:           AOI22X1 cells:        2
ABC RESULTS:             BUFX2 cells:       12
ABC RESULTS:             INVX1 cells:       60
ABC RESULTS:             INVX2 cells:       10
ABC RESULTS:            MUX2X1 cells:        7
ABC RESULTS:           NAND2X1 cells:       44
ABC RESULTS:           NAND3X1 cells:       16
ABC RESULTS:            NOR2X1 cells:       28
ABC RESULTS:           OAI21X1 cells:      203
ABC RESULTS:           OAI22X1 cells:        4
ABC RESULTS:             OR2X2 cells:        2
ABC RESULTS:           XNOR2X1 cells:        3
ABC RESULTS:            XOR2X1 cells:        1
ABC RESULTS:        internal signals:      339
ABC RESULTS:           input signals:      129
ABC RESULTS:          output signals:       40
Removing temp directory.
